cpu_usage;memory_usage;
5.1;5.8;
5.4;5.9;
3.9;5.8;
3.6;5.9;
5.0;5.9;
3.1;5.9;
4.0;5.9;
4.0;5.9;
3.3;5.9;
4.8;5.9;
3.6;5.9;
4.2;5.9;
3.6;5.9;
3.8;5.9;
4.0;5.9;
2.8;5.9;
3.6;5.9;
2.9;5.9;
3.8;5.9;
4.4;5.9;
2.9;5.9;
2.8;5.9;
2.8;5.9;
2.3;5.9;
2.5;5.9;
4.5;5.9;
4.0;5.9;
3.3;6.0;
3.4;6.0;
2.6;6.0;
3.9;6.0;
2.9;6.0;
3.5;6.0;
4.0;6.0;
2.9;6.0;
3.6;6.0;
2.7;6.0;
3.5;6.0;
1.9;6.0;
3.9;6.0;
2.8;6.0;
3.6;6.0;
2.9;6.0;
3.6;6.0;
2.8;6.0;
2.9;6.0;
2.7;6.0;
2.8;6.0;
4.2;6.0;
3.9;6.0;
3.7;6.0;
3.0;6.0;
3.5;6.0;
2.7;6.0;
2.5;6.0;
2.9;6.0;
3.4;6.0;
4.8;6.0;
3.0;6.0;
3.2;6.0;
3.2;6.0;
2.9;6.0;
3.0;6.0;
3.4;6.0;
2.3;6.0;
3.7;6.0;
3.4;6.0;
4.8;6.0;
2.5;6.0;
3.8;6.0;
3.1;6.0;
3.6;6.0;
3.3;6.0;
2.9;6.0;
2.7;6.0;
3.3;6.0;
3.1;6.0;
2.4;6.0;
3.1;6.0;
3.2;6.0;
2.7;6.0;
2.5;6.0;
3.6;6.0;
2.6;6.0;
2.6;6.0;
2.8;6.0;
2.5;6.0;
2.6;6.0;
2.3;6.0;
3.8;6.0;
4.0;6.0;
3.4;6.0;
2.3;6.0;
2.9;6.0;
2.7;6.0;
2.6;6.0;
2.3;6.0;
3.3;6.0;
3.1;6.0;
4.4;5.7;
3.4;5.6;
